<?xml version="1.0" encoding="UTF-8"?>
<testsuite name="ProductTypeServiceTest" tests="5" skipped="0" failures="0" errors="0" timestamp="2015-03-05T20:54:22" hostname="NI-NTB-091" time="0.029">
  <properties/>
  <testcase name="saveTest" classname="ProductTypeServiceTest" time="0.02"/>
  <testcase name="updateTest" classname="ProductTypeServiceTest" time="0.001"/>
  <testcase name="getAllTest" classname="ProductTypeServiceTest" time="0.003"/>
  <testcase name="findByIdTest" classname="ProductTypeServiceTest" time="0.001"/>
  <testcase name="deleteTest" classname="ProductTypeServiceTest" time="0.001"/>
  <system-out><![CDATA[]]></system-out>
  <system-err><![CDATA[[Test worker] INFO ProductTypeServiceTest - saveTest()
[Test worker] INFO ProductTypeServiceTest - updateTest()
[Test worker] INFO ProductTypeServiceTest - getAllTest()
[Test worker] INFO ProductTypeServiceTest - findByIdTest()
[Test worker] INFO ProductTypeServiceTest - deleteTest()
]]></system-err>
</testsuite>
