<?xml version="1.0" encoding="UTF-8"?>
<testsuite name="ProductTypeDaoTest" tests="5" skipped="0" failures="0" errors="0" timestamp="2015-03-06T22:02:35" hostname="NI-NTB-091" time="0.065">
  <properties/>
  <testcase name="testFindAll" classname="ProductTypeDaoTest" time="0.024"/>
  <testcase name="testSave" classname="ProductTypeDaoTest" time="0.011"/>
  <testcase name="testFindById" classname="ProductTypeDaoTest" time="0.005"/>
  <testcase name="testDelete" classname="ProductTypeDaoTest" time="0.009"/>
  <testcase name="testUpdate" classname="ProductTypeDaoTest" time="0.011"/>
  <system-out><![CDATA[Hibernate: select this_.id as id1_1_1_, this_.description as descript2_1_1_, this_.type as type3_1_1_, products2_.type as type5_1_3_, products2_.id as id1_0_3_, products2_.id as id1_0_0_, products2_.description as descript2_0_0_, products2_.price as price3_0_0_, products2_.type as type5_0_0_, products2_.size as size4_0_0_ from product_type this_ left outer join Product products2_ on this_.id=products2_.type
Hibernate: insert into product_type (description, type) values (?, ?)
Hibernate: select this_.id as id1_1_1_, this_.description as descript2_1_1_, this_.type as type3_1_1_, products2_.type as type5_1_3_, products2_.id as id1_0_3_, products2_.id as id1_0_0_, products2_.description as descript2_0_0_, products2_.price as price3_0_0_, products2_.type as type5_0_0_, products2_.size as size4_0_0_ from product_type this_ left outer join Product products2_ on this_.id=products2_.type where this_.id=?
Hibernate: select this_.id as id1_1_1_, this_.description as descript2_1_1_, this_.type as type3_1_1_, products2_.type as type5_1_3_, products2_.id as id1_0_3_, products2_.id as id1_0_0_, products2_.description as descript2_0_0_, products2_.price as price3_0_0_, products2_.type as type5_0_0_, products2_.size as size4_0_0_ from product_type this_ left outer join Product products2_ on this_.id=products2_.type where this_.id=?
Hibernate: select producttyp0_.id as id1_1_0_, producttyp0_.description as descript2_1_0_, producttyp0_.type as type3_1_0_, products1_.type as type5_1_1_, products1_.id as id1_0_1_, products1_.id as id1_0_2_, products1_.description as descript2_0_2_, products1_.price as price3_0_2_, products1_.type as type5_0_2_, products1_.size as size4_0_2_ from product_type producttyp0_ left outer join Product products1_ on producttyp0_.id=products1_.type where producttyp0_.id=?
Hibernate: delete from product_type where id=?
Hibernate: select this_.id as id1_1_1_, this_.description as descript2_1_1_, this_.type as type3_1_1_, products2_.type as type5_1_3_, products2_.id as id1_0_3_, products2_.id as id1_0_0_, products2_.description as descript2_0_0_, products2_.price as price3_0_0_, products2_.type as type5_0_0_, products2_.size as size4_0_0_ from product_type this_ left outer join Product products2_ on this_.id=products2_.type where this_.id=?
Hibernate: update product_type set description=?, type=? where id=?
Hibernate: select this_.id as id1_1_1_, this_.description as descript2_1_1_, this_.type as type3_1_1_, products2_.type as type5_1_3_, products2_.id as id1_0_3_, products2_.id as id1_0_0_, products2_.description as descript2_0_0_, products2_.price as price3_0_0_, products2_.type as type5_0_0_, products2_.size as size4_0_0_ from product_type this_ left outer join Product products2_ on this_.id=products2_.type where this_.id=?
Hibernate: select this_.id as id1_1_1_, this_.description as descript2_1_1_, this_.type as type3_1_1_, products2_.type as type5_1_3_, products2_.id as id1_0_3_, products2_.id as id1_0_0_, products2_.description as descript2_0_0_, products2_.price as price3_0_0_, products2_.type as type5_0_0_, products2_.size as size4_0_0_ from product_type this_ left outer join Product products2_ on this_.id=products2_.type where this_.id=?
Hibernate: select this_.id as id1_1_1_, this_.description as descript2_1_1_, this_.type as type3_1_1_, products2_.type as type5_1_3_, products2_.id as id1_0_3_, products2_.id as id1_0_0_, products2_.description as descript2_0_0_, products2_.price as price3_0_0_, products2_.type as type5_0_0_, products2_.size as size4_0_0_ from product_type this_ left outer join Product products2_ on this_.id=products2_.type where this_.id=?
]]></system-out>
  <system-err><![CDATA[Mar 06, 2015 7:02:35 PM org.springframework.test.context.support.DefaultTestContextBootstrapper getDefaultTestExecutionListenerClassNames
INFO: Loaded default TestExecutionListener class names from location [META-INF/spring.factories]: [org.springframework.test.context.web.ServletTestExecutionListener, org.springframework.test.context.support.DependencyInjectionTestExecutionListener, org.springframework.test.context.support.DirtiesContextTestExecutionListener, org.springframework.test.context.transaction.TransactionalTestExecutionListener, org.springframework.test.context.jdbc.SqlScriptsTestExecutionListener]
Mar 06, 2015 7:02:35 PM org.springframework.test.context.support.DefaultTestContextBootstrapper getTestExecutionListeners
INFO: Using TestExecutionListeners: [org.springframework.test.context.web.ServletTestExecutionListener@1cfe1684, org.springframework.test.context.support.DependencyInjectionTestExecutionListener@6d7842fa, org.springframework.test.context.support.DirtiesContextTestExecutionListener@7275633b, org.springframework.test.context.transaction.TransactionalTestExecutionListener@78c5f131, org.springframework.test.context.jdbc.SqlScriptsTestExecutionListener@b5e05e9]
Mar 06, 2015 7:02:35 PM org.springframework.test.context.transaction.TransactionContext startTransaction
INFO: Began transaction (1) for test context [DefaultTestContext@147e0141 testClass = ProductTypeDaoTest, testInstance = ProductTypeDaoTest@5c845ce9, testMethod = testFindAll@ProductTypeDaoTest, testException = [null], mergedContextConfiguration = [MergedContextConfiguration@75eff472 testClass = ProductTypeDaoTest, locations = '{file:src/main/webapp/WEB-INF/test-mvc-servlet.xml}', classes = '{}', contextInitializerClasses = '[]', activeProfiles = '{}', propertySourceLocations = '{}', propertySourceProperties = '{}', contextLoader = 'org.springframework.test.context.support.DelegatingSmartContextLoader', parent = [null]]]; transaction manager [org.springframework.orm.hibernate4.HibernateTransactionManager@3e08d131]; rollback [true]
Mar 06, 2015 7:02:36 PM org.springframework.test.context.transaction.TransactionContext endTransaction
INFO: Rolled back transaction for test context [DefaultTestContext@147e0141 testClass = ProductTypeDaoTest, testInstance = ProductTypeDaoTest@5c845ce9, testMethod = testFindAll@ProductTypeDaoTest, testException = [null], mergedContextConfiguration = [MergedContextConfiguration@75eff472 testClass = ProductTypeDaoTest, locations = '{file:src/main/webapp/WEB-INF/test-mvc-servlet.xml}', classes = '{}', contextInitializerClasses = '[]', activeProfiles = '{}', propertySourceLocations = '{}', propertySourceProperties = '{}', contextLoader = 'org.springframework.test.context.support.DelegatingSmartContextLoader', parent = [null]]].
Mar 06, 2015 7:02:36 PM org.springframework.test.context.transaction.TransactionContext startTransaction
INFO: Began transaction (1) for test context [DefaultTestContext@147e0141 testClass = ProductTypeDaoTest, testInstance = ProductTypeDaoTest@1da05e5e, testMethod = testSave@ProductTypeDaoTest, testException = [null], mergedContextConfiguration = [MergedContextConfiguration@75eff472 testClass = ProductTypeDaoTest, locations = '{file:src/main/webapp/WEB-INF/test-mvc-servlet.xml}', classes = '{}', contextInitializerClasses = '[]', activeProfiles = '{}', propertySourceLocations = '{}', propertySourceProperties = '{}', contextLoader = 'org.springframework.test.context.support.DelegatingSmartContextLoader', parent = [null]]]; transaction manager [org.springframework.orm.hibernate4.HibernateTransactionManager@3e08d131]; rollback [true]
Mar 06, 2015 7:02:36 PM org.springframework.test.context.transaction.TransactionContext endTransaction
INFO: Rolled back transaction for test context [DefaultTestContext@147e0141 testClass = ProductTypeDaoTest, testInstance = ProductTypeDaoTest@1da05e5e, testMethod = testSave@ProductTypeDaoTest, testException = [null], mergedContextConfiguration = [MergedContextConfiguration@75eff472 testClass = ProductTypeDaoTest, locations = '{file:src/main/webapp/WEB-INF/test-mvc-servlet.xml}', classes = '{}', contextInitializerClasses = '[]', activeProfiles = '{}', propertySourceLocations = '{}', propertySourceProperties = '{}', contextLoader = 'org.springframework.test.context.support.DelegatingSmartContextLoader', parent = [null]]].
Mar 06, 2015 7:02:36 PM org.springframework.test.context.transaction.TransactionContext startTransaction
INFO: Began transaction (1) for test context [DefaultTestContext@147e0141 testClass = ProductTypeDaoTest, testInstance = ProductTypeDaoTest@40f85ccb, testMethod = testFindById@ProductTypeDaoTest, testException = [null], mergedContextConfiguration = [MergedContextConfiguration@75eff472 testClass = ProductTypeDaoTest, locations = '{file:src/main/webapp/WEB-INF/test-mvc-servlet.xml}', classes = '{}', contextInitializerClasses = '[]', activeProfiles = '{}', propertySourceLocations = '{}', propertySourceProperties = '{}', contextLoader = 'org.springframework.test.context.support.DelegatingSmartContextLoader', parent = [null]]]; transaction manager [org.springframework.orm.hibernate4.HibernateTransactionManager@3e08d131]; rollback [true]
Mar 06, 2015 7:02:36 PM org.springframework.test.context.transaction.TransactionContext endTransaction
INFO: Rolled back transaction for test context [DefaultTestContext@147e0141 testClass = ProductTypeDaoTest, testInstance = ProductTypeDaoTest@40f85ccb, testMethod = testFindById@ProductTypeDaoTest, testException = [null], mergedContextConfiguration = [MergedContextConfiguration@75eff472 testClass = ProductTypeDaoTest, locations = '{file:src/main/webapp/WEB-INF/test-mvc-servlet.xml}', classes = '{}', contextInitializerClasses = '[]', activeProfiles = '{}', propertySourceLocations = '{}', propertySourceProperties = '{}', contextLoader = 'org.springframework.test.context.support.DelegatingSmartContextLoader', parent = [null]]].
Mar 06, 2015 7:02:36 PM org.springframework.test.context.transaction.TransactionContext startTransaction
INFO: Began transaction (1) for test context [DefaultTestContext@147e0141 testClass = ProductTypeDaoTest, testInstance = ProductTypeDaoTest@1161542b, testMethod = testDelete@ProductTypeDaoTest, testException = [null], mergedContextConfiguration = [MergedContextConfiguration@75eff472 testClass = ProductTypeDaoTest, locations = '{file:src/main/webapp/WEB-INF/test-mvc-servlet.xml}', classes = '{}', contextInitializerClasses = '[]', activeProfiles = '{}', propertySourceLocations = '{}', propertySourceProperties = '{}', contextLoader = 'org.springframework.test.context.support.DelegatingSmartContextLoader', parent = [null]]]; transaction manager [org.springframework.orm.hibernate4.HibernateTransactionManager@3e08d131]; rollback [true]
Mar 06, 2015 7:02:36 PM org.springframework.test.context.transaction.TransactionContext endTransaction
INFO: Rolled back transaction for test context [DefaultTestContext@147e0141 testClass = ProductTypeDaoTest, testInstance = ProductTypeDaoTest@1161542b, testMethod = testDelete@ProductTypeDaoTest, testException = [null], mergedContextConfiguration = [MergedContextConfiguration@75eff472 testClass = ProductTypeDaoTest, locations = '{file:src/main/webapp/WEB-INF/test-mvc-servlet.xml}', classes = '{}', contextInitializerClasses = '[]', activeProfiles = '{}', propertySourceLocations = '{}', propertySourceProperties = '{}', contextLoader = 'org.springframework.test.context.support.DelegatingSmartContextLoader', parent = [null]]].
Mar 06, 2015 7:02:36 PM org.springframework.test.context.transaction.TransactionContext startTransaction
INFO: Began transaction (1) for test context [DefaultTestContext@147e0141 testClass = ProductTypeDaoTest, testInstance = ProductTypeDaoTest@1ea49ed4, testMethod = testUpdate@ProductTypeDaoTest, testException = [null], mergedContextConfiguration = [MergedContextConfiguration@75eff472 testClass = ProductTypeDaoTest, locations = '{file:src/main/webapp/WEB-INF/test-mvc-servlet.xml}', classes = '{}', contextInitializerClasses = '[]', activeProfiles = '{}', propertySourceLocations = '{}', propertySourceProperties = '{}', contextLoader = 'org.springframework.test.context.support.DelegatingSmartContextLoader', parent = [null]]]; transaction manager [org.springframework.orm.hibernate4.HibernateTransactionManager@3e08d131]; rollback [true]
Mar 06, 2015 7:02:36 PM org.springframework.test.context.transaction.TransactionContext endTransaction
INFO: Rolled back transaction for test context [DefaultTestContext@147e0141 testClass = ProductTypeDaoTest, testInstance = ProductTypeDaoTest@1ea49ed4, testMethod = testUpdate@ProductTypeDaoTest, testException = [null], mergedContextConfiguration = [MergedContextConfiguration@75eff472 testClass = ProductTypeDaoTest, locations = '{file:src/main/webapp/WEB-INF/test-mvc-servlet.xml}', classes = '{}', contextInitializerClasses = '[]', activeProfiles = '{}', propertySourceLocations = '{}', propertySourceProperties = '{}', contextLoader = 'org.springframework.test.context.support.DelegatingSmartContextLoader', parent = [null]]].
]]></system-err>
</testsuite>
